[debug] [2026-01-22T10:07:03.210Z] ----------------------------------------------------------------------
[debug] [2026-01-22T10:07:03.212Z] Command:       /opt/homebrew/Cellar/node/23.11.0/bin/node /opt/homebrew/bin/firebase deploy --only hosting
[debug] [2026-01-22T10:07:03.212Z] CLI Version:   15.3.1
[debug] [2026-01-22T10:07:03.212Z] Platform:      darwin
[debug] [2026-01-22T10:07:03.212Z] Node Version:  v23.11.0
[debug] [2026-01-22T10:07:03.212Z] Time:          Thu Jan 22 2026 14:07:03 GMT+0400 (Gulf Standard Time)
[debug] [2026-01-22T10:07:03.212Z] ----------------------------------------------------------------------
[debug] 
[debug] [2026-01-22T10:07:03.929Z] > command requires scopes: ["email","openid","https://www.googleapis.com/auth/cloudplatformprojects.readonly","https://www.googleapis.com/auth/firebase","https://www.googleapis.com/auth/cloud-platform"]
[debug] [2026-01-22T10:07:03.929Z] > authorizing via signed-in user (nabil.biloo.alsaadi95@gmail.com)
[debug] [2026-01-22T10:07:03.929Z] [iam] checking project gharieni-booking for permissions ["firebase.projects.get","firebasehosting.sites.update"]
[debug] [2026-01-22T10:07:03.929Z] Checked if tokens are valid: false, expires at: 1769020488077
[debug] [2026-01-22T10:07:03.929Z] Checked if tokens are valid: false, expires at: 1769020488077
[debug] [2026-01-22T10:07:03.930Z] > refreshing access token with scopes: []
[debug] [2026-01-22T10:07:03.930Z] >>> [apiv2][query] POST https://www.googleapis.com/oauth2/v3/token [none]
[debug] [2026-01-22T10:07:03.930Z] >>> [apiv2][body] POST https://www.googleapis.com/oauth2/v3/token [omitted]
[debug] [2026-01-22T10:07:04.380Z] <<< [apiv2][status] POST https://www.googleapis.com/oauth2/v3/token 200
[debug] [2026-01-22T10:07:04.381Z] <<< [apiv2][body] POST https://www.googleapis.com/oauth2/v3/token [omitted]
[debug] [2026-01-22T10:07:04.393Z] >>> [apiv2][query] POST https://cloudresourcemanager.googleapis.com/v1/projects/gharieni-booking:testIamPermissions [none]
[debug] [2026-01-22T10:07:04.393Z] >>> [apiv2][(partial)header] POST https://cloudresourcemanager.googleapis.com/v1/projects/gharieni-booking:testIamPermissions x-goog-quota-user=projects/gharieni-booking
[debug] [2026-01-22T10:07:04.393Z] >>> [apiv2][body] POST https://cloudresourcemanager.googleapis.com/v1/projects/gharieni-booking:testIamPermissions {"permissions":["firebase.projects.get","firebasehosting.sites.update"]}
[debug] [2026-01-22T10:07:06.197Z] <<< [apiv2][status] POST https://cloudresourcemanager.googleapis.com/v1/projects/gharieni-booking:testIamPermissions 200
[debug] [2026-01-22T10:07:06.197Z] <<< [apiv2][body] POST https://cloudresourcemanager.googleapis.com/v1/projects/gharieni-booking:testIamPermissions {}
[debug] [2026-01-22T10:07:06.197Z] [iam] error while checking permissions, command may fail: Authorization failed. This account is missing the following required permissions on project gharieni-booking:

  firebase.projects.get
  firebasehosting.sites.update
[debug] [2026-01-22T10:07:06.198Z] Checked if tokens are valid: true, expires at: 1769080023381
[debug] [2026-01-22T10:07:06.198Z] Checked if tokens are valid: true, expires at: 1769080023381
[debug] [2026-01-22T10:07:06.199Z] >>> [apiv2][query] GET https://firebase.googleapis.com/v1beta1/projects/gharieni-booking [none]
[debug] [2026-01-22T10:07:07.015Z] <<< [apiv2][status] GET https://firebase.googleapis.com/v1beta1/projects/gharieni-booking 403
[debug] [2026-01-22T10:07:07.015Z] <<< [apiv2][body] GET https://firebase.googleapis.com/v1beta1/projects/gharieni-booking {"error":{"code":403,"message":"The caller does not have permission","status":"PERMISSION_DENIED"}}
[debug] [2026-01-22T10:07:07.017Z] Request to https://firebase.googleapis.com/v1beta1/projects/gharieni-booking had HTTP Error: 403, The caller does not have permission
[debug] [2026-01-22T10:07:08.123Z] FirebaseError: Request to https://firebase.googleapis.com/v1beta1/projects/gharieni-booking had HTTP Error: 403, The caller does not have permission
    at responseToError (/opt/homebrew/lib/node_modules/firebase-tools/lib/responseToError.js:53:12)
    at RetryOperation._fn (/opt/homebrew/lib/node_modules/firebase-tools/lib/apiv2.js:320:77)
    at process.processTicksAndRejections (node:internal/process/task_queues:105:5)
[error] 
[error] Error: Failed to get Firebase project gharieni-booking. Please make sure the project exists and your account has permission to access it.
